==31672== Memcheck, a memory error detector
==31672== Copyright (C) 2002-2022, and GNU GPL'd, by Julian Seward et al.
==31672== Using Valgrind-3.22.0.GIT-lbmacos and LibVEX; rerun with -h for copyright info
==31672== Command: ./a.out
==31672== Parent PID: 14442
==31672== 
==31672== 
==31672== HEAP SUMMARY:
==31672==     in use at exit: 319,691 bytes in 378 blocks
==31672==   total heap usage: 576 allocs, 198 frees, 339,016 bytes allocated
==31672== 
==31672== LEAK SUMMARY:
==31672==    definitely lost: 0 bytes in 0 blocks
==31672==    indirectly lost: 0 bytes in 0 blocks
==31672==      possibly lost: 0 bytes in 0 blocks
==31672==    still reachable: 0 bytes in 0 blocks
==31672==         suppressed: 319,691 bytes in 378 blocks
==31672== 
==31672== For lists of detected and suppressed errors, rerun with: -s
==31672== ERROR SUMMARY: 0 errors from 0 contexts (suppressed: 4 from 4)
